This is pdfTeX, Version 3.14159265-2.6-1.40.19 (MiKTeX 2.9.6930 64-bit) (preloaded format=pdflatex 2019.1.20)  17 MAR 2019 16:57
entering extended mode
**./KableOne_LaTex_Demo.tex
(KableOne_LaTex_Demo.tex
LaTeX2e <2018-12-01>

("C:\Users\bcjaeger\AppData\Local\Programs\MiKTeX 2.9\tex/latex/base\article.cl
s"
Document Class: article 2018/09/03 v1.4i Standard LaTeX document class
("C:\Users\bcjaeger\AppData\Local\Programs\MiKTeX 2.9\tex/latex/base\size10.clo
"
File: size10.clo 2018/09/03 v1.4i Standard LaTeX file (size option)
)
\c@part=\count80
\c@section=\count81
\c@subsection=\count82
\c@subsubsection=\count83
\c@paragraph=\count84
\c@subparagraph=\count85
\c@figure=\count86
\c@table=\count87
\abovecaptionskip=\skip41
\belowcaptionskip=\skip42
\bibindent=\dimen102
)
("C:\Users\bcjaeger\AppData\Local\Programs\MiKTeX 2.9\tex/latex/graphics\graphi
cx.sty"
Package: graphicx 2017/06/01 v1.1a Enhanced LaTeX Graphics (DPC,SPQR)

("C:\Users\bcjaeger\AppData\Local\Programs\MiKTeX 2.9\tex/latex/graphics\keyval
.sty"
Package: keyval 2014/10/28 v1.15 key=value parser (DPC)
\KV@toks@=\toks14
)
("C:\Users\bcjaeger\AppData\Local\Programs\MiKTeX 2.9\tex/latex/graphics\graphi
cs.sty"
Package: graphics 2017/06/25 v1.2c Standard LaTeX Graphics (DPC,SPQR)

("C:\Users\bcjaeger\AppData\Local\Programs\MiKTeX 2.9\tex/latex/graphics\trig.s
ty"
Package: trig 2016/01/03 v1.10 sin cos tan (DPC)
)
("C:\Users\bcjaeger\AppData\Local\Programs\MiKTeX 2.9\tex/latex/graphics-cfg\gr
aphics.cfg"
File: graphics.cfg 2016/06/04 v1.11 sample graphics configuration
)
Package graphics Info: Driver file: pdftex.def on input line 99.

("C:\Users\bcjaeger\AppData\Local\Programs\MiKTeX 2.9\tex/latex/graphics-def\pd
ftex.def"
File: pdftex.def 2018/01/08 v1.0l Graphics/color driver for pdftex
))
\Gin@req@height=\dimen103
\Gin@req@width=\dimen104
)
("C:\Users\bcjaeger\AppData\Local\Programs\MiKTeX 2.9\tex/latex/graphics\color.
sty"
Package: color 2016/07/10 v1.1e Standard LaTeX Color (DPC)

("C:\Users\bcjaeger\AppData\Local\Programs\MiKTeX 2.9\tex/latex/graphics-cfg\co
lor.cfg"
File: color.cfg 2016/01/02 v1.6 sample color configuration
)
Package color Info: Driver file: pdftex.def on input line 147.
)
("C:\Users\bcjaeger\AppData\Local\Programs\MiKTeX 2.9\tex/latex/framed\framed.s
ty"
Package: framed 2011/10/22 v 0.96: framed or shaded text with page breaks
\OuterFrameSep=\skip43
\fb@frw=\dimen105
\fb@frh=\dimen106
\FrameRule=\dimen107
\FrameSep=\dimen108
)
("C:\Users\bcjaeger\AppData\Local\Programs\MiKTeX 2.9\tex/latex/base\alltt.sty"
Package: alltt 1997/06/16 v2.0g defines alltt environment
)
("C:\Users\bcjaeger\AppData\Local\Programs\MiKTeX 2.9\tex/latex/booktabs\bookta
bs.sty"
Package: booktabs 2005/04/14 v1.61803 publication quality tables
\heavyrulewidth=\dimen109
\lightrulewidth=\dimen110
\cmidrulewidth=\dimen111
\belowrulesep=\dimen112
\belowbottomsep=\dimen113
\aboverulesep=\dimen114
\abovetopsep=\dimen115
\cmidrulesep=\dimen116
\cmidrulekern=\dimen117
\defaultaddspace=\dimen118
\@cmidla=\count88
\@cmidlb=\count89
\@aboverulesep=\dimen119
\@belowrulesep=\dimen120
\@thisruleclass=\count90
\@lastruleclass=\count91
\@thisrulewidth=\dimen121
)
("C:\Users\bcjaeger\AppData\Local\Programs\MiKTeX 2.9\tex/latex/tools\longtable
.sty"
Package: longtable 2014/10/28 v4.11 Multi-page Table package (DPC)+ FMi change
\LTleft=\skip44
\LTright=\skip45
\LTpre=\skip46
\LTpost=\skip47
\LTchunksize=\count92
\LTcapwidth=\dimen122
\LT@head=\box27
\LT@firsthead=\box28
\LT@foot=\box29
\LT@lastfoot=\box30
\LT@cols=\count93
\LT@rows=\count94
\c@LT@tables=\count95
\c@LT@chunks=\count96
\LT@p@ftn=\toks15
)
("C:\Users\bcjaeger\AppData\Local\Programs\MiKTeX 2.9\tex/latex/tools\array.sty
"
Package: array 2018/12/30 v2.4k Tabular extension package (FMi)
\col@sep=\dimen123
\ar@mcellbox=\box31
\extrarowheight=\dimen124
\NC@list=\toks16
\extratabsurround=\skip48
\backup@length=\skip49
\ar@cellbox=\box32
)
("C:\Users\bcjaeger\AppData\Local\Programs\MiKTeX 2.9\tex/latex/multirow\multir
ow.sty"
Package: multirow 2019/01/01 v2.4 Span multiple rows of a table
\multirow@colwidth=\skip50
\multirow@cntb=\count97
\multirow@dima=\skip51
\bigstrutjot=\dimen125
)
("C:\Users\bcjaeger\AppData\Local\Programs\MiKTeX 2.9\tex/latex/wrapfig\wrapfig
.sty"
\wrapoverhang=\dimen126
\WF@size=\dimen127
\c@WF@wrappedlines=\count98
\WF@box=\box33
\WF@everypar=\toks17
Package: wrapfig 2003/01/31  v 3.6
)
("C:\Users\bcjaeger\AppData\Local\Programs\MiKTeX 2.9\tex/latex/float\float.sty
"
Package: float 2001/11/08 v1.3d Float enhancements (AL)
\c@float@type=\count99
\float@exts=\toks18
\float@box=\box34
\@float@everytoks=\toks19
\@floatcapt=\box35
)
("C:\Users\bcjaeger\AppData\Local\Programs\MiKTeX 2.9\tex/latex/colortbl\colort
bl.sty"
Package: colortbl 2018/12/12 v1.0d Color table columns (DPC)
\everycr=\toks20
\minrowclearance=\skip52
)
("C:\Users\bcjaeger\AppData\Local\Programs\MiKTeX 2.9\tex/latex/oberdiek\pdflsc
ape.sty"
Package: pdflscape 2016/05/14 v0.11 Display of landscape pages in PDF (HO)

("C:\Users\bcjaeger\AppData\Local\Programs\MiKTeX 2.9\tex/latex/graphics\lscape
.sty"
Package: lscape 2000/10/22 v3.01 Landscape Pages (DPC)
)
("C:\Users\bcjaeger\AppData\Local\Programs\MiKTeX 2.9\tex/generic/oberdiek\ifpd
f.sty"
Package: ifpdf 2018/09/07 v3.3 Provides the ifpdf switch
)
Package pdflscape Info: Auto-detected driver: pdftex on input line 81.

("C:\Users\bcjaeger\AppData\Local\Programs\MiKTeX 2.9\tex/generic/ifxetex\ifxet
ex.sty"
Package: ifxetex 2010/09/12 v0.6 Provides ifxetex conditional
))
("C:\Users\bcjaeger\AppData\Local\Programs\MiKTeX 2.9\tex/latex/tabu\tabu.sty"
Package: tabu 2019/01/11 v2.9 - flexible LaTeX tabulars (FC+tabu-fixed)

("C:\Users\bcjaeger\AppData\Local\Programs\MiKTeX 2.9\tex/latex/varwidth\varwid
th.sty"
Package: varwidth 2009/03/30 ver 0.92;  Variable-width minipages
\@vwid@box=\box36
\sift@deathcycles=\count100
\@vwid@loff=\dimen128
\@vwid@roff=\dimen129
)
\c@taburow=\count101
\tabu@nbcols=\count102
\tabu@cnt=\count103
\tabu@Xcol=\count104
\tabu@alloc=\count105
\tabu@nested=\count106
\tabu@target=\dimen130
\tabu@spreadtarget=\dimen131
\tabu@naturalX=\dimen132
\tabucolX=\dimen133
\tabu@Xsum=\dimen134
\extrarowdepth=\dimen135
\abovetabulinesep=\dimen136
\belowtabulinesep=\dimen137
\tabustrutrule=\dimen138
\tabu@thebody=\toks21
\tabu@footnotes=\toks22
\tabu@box=\box37
\tabu@arstrutbox=\box38
\tabu@hleads=\box39
\tabu@vleads=\box40
\tabu@cellskip=\skip53
)
("C:\Users\bcjaeger\AppData\Local\Programs\MiKTeX 2.9\tex/latex/threeparttable\
threeparttable.sty"
Package: threeparttable 2003/06/13  v 3.0
\@tempboxb=\box41
)
("C:\Users\bcjaeger\AppData\Local\Programs\MiKTeX 2.9\tex/latex/threeparttablex
\threeparttablex.sty"
Package: threeparttablex 2013/07/23 v0.3 by daleif

("C:\Users\bcjaeger\AppData\Local\Programs\MiKTeX 2.9\tex/latex/environ\environ
.sty"
Package: environ 2014/05/04 v0.3 A new way to define environments

("C:\Users\bcjaeger\AppData\Local\Programs\MiKTeX 2.9\tex/latex/trimspaces\trim
spaces.sty"
Package: trimspaces 2009/09/17 v1.1 Trim spaces around a token list
)
\@envbody=\toks23
)
\TPTL@width=\skip54
)
("C:\Users\bcjaeger\AppData\Local\Programs\MiKTeX 2.9\tex/latex/ulem\ulem.sty"
\UL@box=\box42
\UL@hyphenbox=\box43
\UL@skip=\skip55
\UL@hook=\toks24
\UL@height=\dimen139
\UL@pe=\count107
\UL@pixel=\dimen140
\ULC@box=\box44
Package: ulem 2012/05/18
\ULdepth=\dimen141
)
("C:\Users\bcjaeger\AppData\Local\Programs\MiKTeX 2.9\tex/latex/makecell\makece
ll.sty"
Package: makecell 2009/08/03 V0.1e Managing of Tab Column Heads and Cells
\rotheadsize=\dimen142
\c@nlinenum=\count108
\TeXr@lab=\toks25
)
("C:\Users\bcjaeger\AppData\Local\Programs\MiKTeX 2.9\tex/latex/xcolor\xcolor.s
ty"
Package: xcolor 2016/05/11 v2.12 LaTeX color extensions (UK)

("C:\Users\bcjaeger\AppData\Local\Programs\MiKTeX 2.9\tex/latex/graphics-cfg\co
lor.cfg"
File: color.cfg 2016/01/02 v1.6 sample color configuration
)
Package xcolor Info: Driver file: pdftex.def on input line 225.
LaTeX Info: Redefining \color on input line 709.
Package xcolor Info: Model `cmy' substituted by `cmy0' on input line 1348.
Package xcolor Info: Model `hsb' substituted by `rgb' on input line 1352.
Package xcolor Info: Model `RGB' extended on input line 1364.
Package xcolor Info: Model `HTML' substituted by `rgb' on input line 1366.
Package xcolor Info: Model `Hsb' substituted by `hsb' on input line 1367.
Package xcolor Info: Model `tHsb' substituted by `hsb' on input line 1368.
Package xcolor Info: Model `HSB' substituted by `hsb' on input line 1369.
Package xcolor Info: Model `Gray' substituted by `gray' on input line 1370.
Package xcolor Info: Model `wave' substituted by `hsb' on input line 1371.
)
("C:\Users\bcjaeger\AppData\Local\Programs\MiKTeX 2.9\tex/latex/upquote\upquote
.sty"
Package: upquote 2012/04/19 v1.3 upright-quote and grave-accent glyphs in verba
tim
) (KableOne_LaTex_Demo.aux)
\openout1 = `KableOne_LaTex_Demo.aux'.

LaTeX Font Info:    Checking defaults for OML/cmm/m/it on input line 69.
LaTeX Font Info:    ... okay on input line 69.
LaTeX Font Info:    Checking defaults for T1/cmr/m/n on input line 69.
LaTeX Font Info:    ... okay on input line 69.
LaTeX Font Info:    Checking defaults for OT1/cmr/m/n on input line 69.
LaTeX Font Info:    ... okay on input line 69.
LaTeX Font Info:    Checking defaults for OMS/cmsy/m/n on input line 69.
LaTeX Font Info:    ... okay on input line 69.
LaTeX Font Info:    Checking defaults for OMX/cmex/m/n on input line 69.
LaTeX Font Info:    ... okay on input line 69.
LaTeX Font Info:    Checking defaults for U/cmr/m/n on input line 69.
LaTeX Font Info:    ... okay on input line 69.

("C:\Users\bcjaeger\AppData\Local\Programs\MiKTeX 2.9\tex/context/base\supp-pdf
.mkii"
[Loading MPS to PDF converter (version 2006.09.02).]
\scratchcounter=\count109
\scratchdimen=\dimen143
\scratchbox=\box45
\nofMPsegments=\count110
\nofMParguments=\count111
\everyMPshowfont=\toks26
\MPscratchCnt=\count112
\MPscratchDim=\dimen144
\MPnumerator=\count113
\makeMPintoPDFobject=\count114
\everyMPtoPDFconversion=\toks27
)
("C:\Users\bcjaeger\AppData\Local\Programs\MiKTeX 2.9\tex/latex/oberdiek\epstop
df-base.sty"
Package: epstopdf-base 2016/05/15 v2.6 Base part for package epstopdf

("C:\Users\bcjaeger\AppData\Local\Programs\MiKTeX 2.9\tex/generic/oberdiek\infw
arerr.sty"
Package: infwarerr 2016/05/16 v1.4 Providing info/warning/error messages (HO)
)
("C:\Users\bcjaeger\AppData\Local\Programs\MiKTeX 2.9\tex/latex/oberdiek\grfext
.sty"
Package: grfext 2016/05/16 v1.2 Manage graphics extensions (HO)

("C:\Users\bcjaeger\AppData\Local\Programs\MiKTeX 2.9\tex/generic/oberdiek\kvde
finekeys.sty"
Package: kvdefinekeys 2016/05/16 v1.4 Define keys (HO)

("C:\Users\bcjaeger\AppData\Local\Programs\MiKTeX 2.9\tex/generic/oberdiek\ltxc
mds.sty"
Package: ltxcmds 2016/05/16 v1.23 LaTeX kernel commands for general use (HO)
)))
("C:\Users\bcjaeger\AppData\Local\Programs\MiKTeX 2.9\tex/latex/oberdiek\kvopti
ons.sty"
Package: kvoptions 2016/05/16 v3.12 Key value format for package options (HO)

("C:\Users\bcjaeger\AppData\Local\Programs\MiKTeX 2.9\tex/generic/oberdiek\kvse
tkeys.sty"
Package: kvsetkeys 2016/05/16 v1.17 Key value parser (HO)

("C:\Users\bcjaeger\AppData\Local\Programs\MiKTeX 2.9\tex/generic/oberdiek\etex
cmds.sty"
Package: etexcmds 2016/05/16 v1.6 Avoid name clashes with e-TeX commands (HO)

("C:\Users\bcjaeger\AppData\Local\Programs\MiKTeX 2.9\tex/generic/oberdiek\iflu
atex.sty"
Package: ifluatex 2016/05/16 v1.4 Provides the ifluatex switch (HO)
Package ifluatex Info: LuaTeX not detected.
))))
("C:\Users\bcjaeger\AppData\Local\Programs\MiKTeX 2.9\tex/generic/oberdiek\pdft
excmds.sty"
Package: pdftexcmds 2018/09/10 v0.29 Utility functions of pdfTeX for LuaTeX (HO
)
Package pdftexcmds Info: LuaTeX not detected.
Package pdftexcmds Info: \pdf@primitive is available.
Package pdftexcmds Info: \pdf@ifprimitive is available.
Package pdftexcmds Info: \pdfdraftmode found.
)
Package epstopdf-base Info: Redefining graphics rule for `.eps' on input line 4
38.
Package grfext Info: Graphics extension search list:
(grfext)             [.pdf,.png,.jpg,.mps,.jpeg,.jbig2,.jb2,.PDF,.PNG,.JPG,.JPE
G,.JBIG2,.JB2,.eps]
(grfext)             \AppendGraphicsExtensions on input line 456.
)

Package xcolor Warning: Incompatible color definition on input line 74.

LaTeX Font Info:    Font shape `OT1/cmtt/bx/n' in size <10> not available
(Font)              Font shape `OT1/cmtt/m/n' tried instead on input line 76.
LaTeX Font Info:    Try loading font information for OMS+cmtt on input line 77.

(C:/PROGRA~1/R/R-35~1.2/share/texmf/tex/latex\omscmtt.fd
File: omscmtt.fd 
)
LaTeX Font Info:    Font shape `OMS/cmtt/m/n' in size <10> not available
(Font)              Font shape `OMS/cmsy/m/n' tried instead on input line 77.


Package xcolor Warning: Incompatible color definition on input line 89.


Package xcolor Warning: Incompatible color definition on input line 91.


Package xcolor Warning: Incompatible color definition on input line 93.


Overfull \hbox (6.74693pt too wide) in paragraph at lines 138--138
[]    []\OT1/cmtt/m/n/10 Exposures[] []=[] []c[][]([][]ascites[][],[][]bili
[][],[][]edema[][],[][]trt[][],[][]albumin[][],[][]stage[][])[][] 
 []

[1

{C:/Users/bcjaeger/AppData/Local/MiKTeX/2.9/pdftex/config/pdftex.map}]

Package xcolor Warning: Incompatible color definition on input line 154.


Package xcolor Warning: Incompatible color definition on input line 169.


Package xcolor Warning: Incompatible color definition on input line 169.

LaTeX Font Info:    External font `cmex10' loaded for size
(Font)              <7> on input line 171.
LaTeX Font Info:    External font `cmex10' loaded for size
(Font)              <5> on input line 171.

Overfull \hbox (1.45036pt too wide) in paragraph at lines 171--208
 [][] 
 []

[2] [3] (KableOne_LaTex_Demo.aux) ) 
Here is how much of TeX's memory you used:
 3514 strings out of 492946
 51196 string characters out of 3124934
 137655 words of memory out of 3000000
 7338 multiletter control sequences out of 15000+200000
 4222 words of font info for 17 fonts, out of 3000000 for 9000
 1141 hyphenation exceptions out of 8191
 41i,11n,35p,288b,284s stack positions out of 5000i,500n,10000p,200000b,50000s
<C:/Users/bcjaeger/AppData/Local/Programs/Mi
KTeX 2.9/fonts/type1/public/amsfonts/cm/cmbx10.pfb><C:/Users/bcjaeger/AppData/L
ocal/Programs/MiKTeX 2.9/fonts/type1/public/amsfonts/cm/cmmi10.pfb><C:/Users/bc
jaeger/AppData/Local/Programs/MiKTeX 2.9/fonts/type1/public/amsfonts/cm/cmr10.p
fb><C:/Users/bcjaeger/AppData/Local/Programs/MiKTeX 2.9/fonts/type1/public/amsf
onts/cm/cmsy10.pfb><C:/Users/bcjaeger/AppData/Local/Programs/MiKTeX 2.9/fonts/t
ype1/public/amsfonts/cm/cmtt10.pfb>
Output written on KableOne_LaTex_Demo.pdf (3 pages, 72305 bytes).
PDF statistics:
 32 PDF objects out of 1000 (max. 8388607)
 0 named destinations out of 1000 (max. 500000)
 1 words of extra memory for PDF output out of 10000 (max. 10000000)

